<?xml version="1.0" encoding="UTF-8"?>
<!-- Generated by org.testng.reporters.JUnitReportReporter -->
<testsuite hostname="TYSS-Prajwal" failures="0" tests="1" name="Test.REG_002" time="2.031" errors="0" timestamp="2023-07-11T16:55:19 IST" skipped="0">
  <testcase classname="Test.REG_002" name="reg_002" time="2.031"/>
</testsuite> <!-- Test.REG_002 -->
