<?xml version="1.0" encoding="UTF-8"?>
<!-- Generated by org.testng.reporters.JUnitReportReporter -->
<testsuite hostname="TYSS-Prajwal" failures="0" tests="1" name="Test.REB_003" time="29.862" errors="0" timestamp="2023-07-11T18:08:41 IST" skipped="0">
  <testcase classname="Test.REB_003" name="reg_003" time="29.862"/>
</testsuite> <!-- Test.REB_003 -->
